|--- feature_226 <= 0.01
|   |--- feature_418 <= 0.21
|   |   |--- feature_49 <= 0.00
|   |   |   |--- feature_392 <= 0.00
|   |   |   |   |--- class: 1.0
|   |   |   |--- feature_392 >  0.00
|   |   |   |   |--- class: 0.0
|   |   |--- feature_49 >  0.00
|   |   |   |--- class: 1.0
|   |--- feature_418 >  0.21
|   |   |--- feature_699 <= 0.02
|   |   |   |--- class: 0.0
|   |   |--- feature_699 >  0.02
|   |   |   |--- class: 1.0
|--- feature_226 >  0.01
|   |--- feature_1367 <= 0.13
|   |   |--- feature_1487 <= 0.01
|   |   |   |--- feature_429 <= 0.03
|   |   |   |   |--- feature_716 <= 0.16
|   |   |   |   |   |--- feature_110 <= 0.03
|   |   |   |   |   |   |--- feature_1139 <= 0.43
|   |   |   |   |   |   |   |--- feature_1123 <= 0.23
|   |   |   |   |   |   |   |   |--- feature_191 <= 0.97
|   |   |   |   |   |   |   |   |   |--- feature_1803 <= 0.00
|   |   |   |   |   |   |   |   |   |   |--- class: 0.0
|   |   |   |   |   |   |   |   |   |--- feature_1803 >  0.00
|   |   |   |   |   |   |   |   |   |   |--- class: 1.0
|   |   |   |   |   |   |   |   |--- feature_191 >  0.97
|   |   |   |   |   |   |   |   |   |--- class: 1.0
|   |   |   |   |   |   |   |--- feature_1123 >  0.23
|   |   |   |   |   |   |   |   |--- class: 1.0
|   |   |   |   |   |   |--- feature_1139 >  0.43
|   |   |   |   |   |   |   |--- class: 1.0
|   |   |   |   |   |--- feature_110 >  0.03
|   |   |   |   |   |   |--- feature_156 <= 0.11
|   |   |   |   |   |   |   |--- class: 1.0
|   |   |   |   |   |   |--- feature_156 >  0.11
|   |   |   |   |   |   |   |--- class: 0.0
|   |   |   |   |--- feature_716 >  0.16
|   |   |   |   |   |--- feature_391 <= 0.03
|   |   |   |   |   |   |--- class: 0.0
|   |   |   |   |   |--- feature_391 >  0.03
|   |   |   |   |   |   |--- class: 1.0
|   |   |   |--- feature_429 >  0.03
|   |   |   |   |--- class: 1.0
|   |   |--- feature_1487 >  0.01
|   |   |   |--- feature_171 <= 0.01
|   |   |   |   |--- class: 0.0
|   |   |   |--- feature_171 >  0.01
|   |   |   |   |--- feature_117 <= 0.02
|   |   |   |   |   |--- class: 0.0
|   |   |   |   |--- feature_117 >  0.02
|   |   |   |   |   |--- feature_713 <= 0.11
|   |   |   |   |   |   |--- class: 1.0
|   |   |   |   |   |--- feature_713 >  0.11
|   |   |   |   |   |   |--- class: 0.0
|   |--- feature_1367 >  0.13
|   |   |--- feature_509 <= 0.22
|   |   |   |--- feature_638 <= 0.18
|   |   |   |   |--- feature_27 <= 0.05
|   |   |   |   |   |--- feature_1376 <= 0.02
|   |   |   |   |   |   |--- class: 1.0
|   |   |   |   |   |--- feature_1376 >  0.02
|   |   |   |   |   |   |--- class: 0.0
|   |   |   |   |--- feature_27 >  0.05
|   |   |   |   |   |--- feature_211 <= 0.21
|   |   |   |   |   |   |--- feature_885 <= 0.28
|   |   |   |   |   |   |   |--- feature_1189 <= 0.03
|   |   |   |   |   |   |   |   |--- feature_531 <= 0.25
|   |   |   |   |   |   |   |   |   |--- class: 1.0
|   |   |   |   |   |   |   |   |--- feature_531 >  0.25
|   |   |   |   |   |   |   |   |   |--- class: 0.0
|   |   |   |   |   |   |   |--- feature_1189 >  0.03
|   |   |   |   |   |   |   |   |--- class: 0.0
|   |   |   |   |   |   |--- feature_885 >  0.28
|   |   |   |   |   |   |   |--- class: 0.0
|   |   |   |   |   |--- feature_211 >  0.21
|   |   |   |   |   |   |--- feature_1340 <= 0.00
|   |   |   |   |   |   |   |--- class: 1.0
|   |   |   |   |   |   |--- feature_1340 >  0.00
|   |   |   |   |   |   |   |--- class: 0.0
|   |   |   |--- feature_638 >  0.18
|   |   |   |   |--- class: 0.0
|   |   |--- feature_509 >  0.22
|   |   |   |--- feature_153 <= 0.68
|   |   |   |   |--- class: 0.0
|   |   |   |--- feature_153 >  0.68
|   |   |   |   |--- class: 1.0
