|--- feature_509 <= 0.14
|   |--- feature_264 <= 0.03
|   |   |--- feature_270 <= 0.03
|   |   |   |--- feature_228 <= 0.01
|   |   |   |   |--- feature_82 <= 0.11
|   |   |   |   |   |--- class: 1.0
|   |   |   |   |--- feature_82 >  0.11
|   |   |   |   |   |--- class: 0.0
|   |   |   |--- feature_228 >  0.01
|   |   |   |   |--- feature_162 <= 0.08
|   |   |   |   |   |--- feature_1339 <= 0.01
|   |   |   |   |   |   |--- class: 1.0
|   |   |   |   |   |--- feature_1339 >  0.01
|   |   |   |   |   |   |--- class: 0.0
|   |   |   |   |--- feature_162 >  0.08
|   |   |   |   |   |--- feature_1385 <= 0.01
|   |   |   |   |   |   |--- feature_1660 <= 0.10
|   |   |   |   |   |   |   |--- feature_1374 <= 0.13
|   |   |   |   |   |   |   |   |--- class: 0.0
|   |   |   |   |   |   |   |--- feature_1374 >  0.13
|   |   |   |   |   |   |   |   |--- class: 1.0
|   |   |   |   |   |   |--- feature_1660 >  0.10
|   |   |   |   |   |   |   |--- feature_144 <= 0.04
|   |   |   |   |   |   |   |   |--- class: 1.0
|   |   |   |   |   |   |   |--- feature_144 >  0.04
|   |   |   |   |   |   |   |   |--- class: 0.0
|   |   |   |   |   |--- feature_1385 >  0.01
|   |   |   |   |   |   |--- feature_1334 <= 0.09
|   |   |   |   |   |   |   |--- feature_256 <= 0.01
|   |   |   |   |   |   |   |   |--- class: 0.0
|   |   |   |   |   |   |   |--- feature_256 >  0.01
|   |   |   |   |   |   |   |   |--- feature_226 <= 0.01
|   |   |   |   |   |   |   |   |   |--- class: 0.0
|   |   |   |   |   |   |   |   |--- feature_226 >  0.01
|   |   |   |   |   |   |   |   |   |--- class: 1.0
|   |   |   |   |   |   |--- feature_1334 >  0.09
|   |   |   |   |   |   |   |--- class: 1.0
|   |   |--- feature_270 >  0.03
|   |   |   |--- feature_1192 <= 0.22
|   |   |   |   |--- feature_221 <= 0.00
|   |   |   |   |   |--- class: 0.0
|   |   |   |   |--- feature_221 >  0.00
|   |   |   |   |   |--- feature_234 <= 0.25
|   |   |   |   |   |   |--- feature_119 <= 0.00
|   |   |   |   |   |   |   |--- class: 0.0
|   |   |   |   |   |   |--- feature_119 >  0.00
|   |   |   |   |   |   |   |--- class: 1.0
|   |   |   |   |   |--- feature_234 >  0.25
|   |   |   |   |   |   |--- class: 0.0
|   |   |   |--- feature_1192 >  0.22
|   |   |   |   |--- class: 0.0
|   |--- feature_264 >  0.03
|   |   |--- feature_384 <= 0.01
|   |   |   |--- class: 0.0
|   |   |--- feature_384 >  0.01
|   |   |   |--- feature_518 <= 0.12
|   |   |   |   |--- class: 0.0
|   |   |   |--- feature_518 >  0.12
|   |   |   |   |--- class: 1.0
|--- feature_509 >  0.14
|   |--- feature_301 <= 0.03
|   |   |--- feature_694 <= 0.04
|   |   |   |--- class: 1.0
|   |   |--- feature_694 >  0.04
|   |   |   |--- class: 0.0
|   |--- feature_301 >  0.03
|   |   |--- feature_1644 <= 0.13
|   |   |   |--- feature_1775 <= 0.00
|   |   |   |   |--- class: 0.0
|   |   |   |--- feature_1775 >  0.00
|   |   |   |   |--- class: 1.0
|   |   |--- feature_1644 >  0.13
|   |   |   |--- feature_117 <= 0.06
|   |   |   |   |--- class: 0.0
|   |   |   |--- feature_117 >  0.06
|   |   |   |   |--- class: 1.0
