|--- feature_26 <= 0.03
|   |--- feature_1848 <= 0.00
|   |   |--- feature_1390 <= 0.01
|   |   |   |--- feature_307 <= 0.00
|   |   |   |   |--- class: 1
|   |   |   |--- feature_307 >  0.00
|   |   |   |   |--- class: 0
|   |   |--- feature_1390 >  0.01
|   |   |   |--- feature_1189 <= 0.03
|   |   |   |   |--- class: 1
|   |   |   |--- feature_1189 >  0.03
|   |   |   |   |--- class: 0
|   |--- feature_1848 >  0.00
|   |   |--- feature_1820 <= 0.10
|   |   |   |--- class: 0
|   |   |--- feature_1820 >  0.10
|   |   |   |--- class: 1
|--- feature_26 >  0.03
|   |--- feature_14 <= 0.10
|   |   |--- feature_272 <= 0.21
|   |   |   |--- feature_641 <= 0.06
|   |   |   |   |--- feature_314 <= 0.11
|   |   |   |   |   |--- feature_141 <= 0.09
|   |   |   |   |   |   |--- feature_1486 <= 0.01
|   |   |   |   |   |   |   |--- feature_96 <= 0.05
|   |   |   |   |   |   |   |   |--- feature_930 <= 0.10
|   |   |   |   |   |   |   |   |   |--- class: 1
|   |   |   |   |   |   |   |   |--- feature_930 >  0.10
|   |   |   |   |   |   |   |   |   |--- class: 0
|   |   |   |   |   |   |   |--- feature_96 >  0.05
|   |   |   |   |   |   |   |   |--- class: 0
|   |   |   |   |   |   |--- feature_1486 >  0.01
|   |   |   |   |   |   |   |--- feature_146 <= 0.01
|   |   |   |   |   |   |   |   |--- feature_533 <= 0.04
|   |   |   |   |   |   |   |   |   |--- class: 0
|   |   |   |   |   |   |   |   |--- feature_533 >  0.04
|   |   |   |   |   |   |   |   |   |--- class: 1
|   |   |   |   |   |   |   |--- feature_146 >  0.01
|   |   |   |   |   |   |   |   |--- class: 0
|   |   |   |   |   |--- feature_141 >  0.09
|   |   |   |   |   |   |--- class: 1
|   |   |   |   |--- feature_314 >  0.11
|   |   |   |   |   |--- feature_307 <= 0.12
|   |   |   |   |   |   |--- feature_1675 <= 0.00
|   |   |   |   |   |   |   |--- class: 1
|   |   |   |   |   |   |--- feature_1675 >  0.00
|   |   |   |   |   |   |   |--- class: 0
|   |   |   |   |   |--- feature_307 >  0.12
|   |   |   |   |   |   |--- feature_1071 <= 0.30
|   |   |   |   |   |   |   |--- class: 0
|   |   |   |   |   |   |--- feature_1071 >  0.30
|   |   |   |   |   |   |   |--- class: 1
|   |   |   |--- feature_641 >  0.06
|   |   |   |   |--- feature_242 <= 0.00
|   |   |   |   |   |--- class: 1
|   |   |   |   |--- feature_242 >  0.00
|   |   |   |   |   |--- feature_472 <= 0.04
|   |   |   |   |   |   |--- feature_60 <= 0.05
|   |   |   |   |   |   |   |--- class: 1
|   |   |   |   |   |   |--- feature_60 >  0.05
|   |   |   |   |   |   |   |--- class: 0
|   |   |   |   |   |--- feature_472 >  0.04
|   |   |   |   |   |   |--- feature_1363 <= 0.14
|   |   |   |   |   |   |   |--- class: 1
|   |   |   |   |   |   |--- feature_1363 >  0.14
|   |   |   |   |   |   |   |--- class: 0
|   |   |--- feature_272 >  0.21
|   |   |   |--- feature_344 <= 0.01
|   |   |   |   |--- class: 0
|   |   |   |--- feature_344 >  0.01
|   |   |   |   |--- feature_438 <= 0.15
|   |   |   |   |   |--- class: 1
|   |   |   |   |--- feature_438 >  0.15
|   |   |   |   |   |--- class: 0
|   |--- feature_14 >  0.10
|   |   |--- feature_177 <= 0.08
|   |   |   |--- feature_1483 <= 0.00
|   |   |   |   |--- class: 1
|   |   |   |--- feature_1483 >  0.00
|   |   |   |   |--- class: 0
|   |   |--- feature_177 >  0.08
|   |   |   |--- class: 1
